# JRE version: OpenJDK Runtime Environment (8.0_242-b01) (build 1.8.0_242-release-1644-b01)
# Java VM: OpenJDK 64-Bit Server VM (25.242-b01 mixed mode windows-amd64 compressed oops)
Heap:
 PSYoungGen      total 601088K, used 352666K [0x00000000d5580000, 0x0000000100000000, 0x0000000100000000)
  eden space 513024K, 54% used [0x00000000d5580000,0x00000000e65df730,0x00000000f4a80000)
  from space 88064K, 83% used [0x00000000f4a80000,0x00000000f92874b0,0x00000000fa080000)
  to   space 96256K, 0% used [0x00000000fa200000,0x00000000fa200000,0x0000000100000000)
 ParOldGen       total 296448K, used 149714K [0x0000000080000000, 0x0000000092180000, 0x00000000d5580000)
  object space 296448K, 50% used [0x0000000080000000,0x0000000089234948,0x0000000092180000)
 Metaspace       used 128043K, capacity 135928K, committed 136152K, reserved 1167360K
  class space    used 16439K, capacity 17916K, committed 17920K, reserved 1048576K
GC Heap History (10 events):
Event: 3531.771 GC heap before
{Heap before GC invocations=33 (full 6):
 PSYoungGen      total 579072K, used 498926K [0x00000000d5580000, 0x00000000ff780000, 0x0000000100000000)
  eden space 481280K, 100% used [0x00000000d5580000,0x00000000f2b80000,0x00000000f2b80000)
  from space 97792K, 18% used [0x00000000f9800000,0x00000000fa93b8b0,0x00000000ff780000)
  to   space 104448K, 0% used [0x00000000f2b80000,0x00000000f2b80000,0x00000000f9180000)
 ParOldGen       total 296448K, used 149674K [0x0000000080000000, 0x0000000092180000, 0x00000000d5580000)
  object space 296448K, 50% used [0x0000000080000000,0x000000008922a948,0x0000000092180000)
 Metaspace       used 119271K, capacity 126294K, committed 126424K, reserved 1159168K
  class space    used 15297K, capacity 16564K, committed 16640K, reserved 1048576K
Event: 3531.832 GC heap after
Heap after GC invocations=33 (full 6):
 PSYoungGen      total 585728K, used 21784K [0x00000000d5580000, 0x00000000fff80000, 0x0000000100000000)
  eden space 481280K, 0% used [0x00000000d5580000,0x00000000d5580000,0x00000000f2b80000)
  from space 104448K, 20% used [0x00000000f2b80000,0x00000000f40c6320,0x00000000f9180000)
  to   space 100864K, 0% used [0x00000000f9d00000,0x00000000f9d00000,0x00000000fff80000)
 ParOldGen       total 296448K, used 149682K [0x0000000080000000, 0x0000000092180000, 0x00000000d5580000)
  object space 296448K, 50% used [0x0000000080000000,0x000000008922c948,0x0000000092180000)
 Metaspace       used 119271K, capacity 126294K, committed 126424K, reserved 1159168K
  class space    used 15297K, capacity 16564K, committed 16640K, reserved 1048576K
}
Event: 3549.797 GC heap before
{Heap before GC invocations=34 (full 6):
 PSYoungGen      total 585728K, used 503064K [0x00000000d5580000, 0x00000000fff80000, 0x0000000100000000)
  eden space 481280K, 100% used [0x00000000d5580000,0x00000000f2b80000,0x00000000f2b80000)
  from space 104448K, 20% used [0x00000000f2b80000,0x00000000f40c6320,0x00000000f9180000)
  to   space 100864K, 0% used [0x00000000f9d00000,0x00000000f9d00000,0x00000000fff80000)
 ParOldGen       total 296448K, used 149682K [0x0000000080000000, 0x0000000092180000, 0x00000000d5580000)
  object space 296448K, 50% used [0x0000000080000000,0x000000008922c948,0x0000000092180000)
 Metaspace       used 119662K, capacity 126678K, committed 126936K, reserved 1159168K
  class space    used 15331K, capacity 16600K, committed 16640K, reserved 1048576K
Event: 3550.043 GC heap after
Heap after GC invocations=34 (full 6):
 PSYoungGen      total 580096K, used 33740K [0x00000000d5580000, 0x00000000ff180000, 0x0000000100000000)
  eden space 493568K, 0% used [0x00000000d5580000,0x00000000d5580000,0x00000000f3780000)
  from space 86528K, 38% used [0x00000000f9d00000,0x00000000fbdf3328,0x00000000ff180000)
  to   space 95232K, 0% used [0x00000000f3780000,0x00000000f3780000,0x00000000f9480000)
 ParOldGen       total 296448K, used 149690K [0x0000000080000000, 0x0000000092180000, 0x00000000d5580000)
  object space 296448K, 50% used [0x0000000080000000,0x000000008922e948,0x0000000092180000)
 Metaspace       used 119662K, capacity 126678K, committed 126936K, reserved 1159168K
  class space    used 15331K, capacity 16600K, committed 16640K, reserved 1048576K
}
Event: 3565.098 GC heap before
{Heap before GC invocations=35 (full 6):
 PSYoungGen      total 580096K, used 527308K [0x00000000d5580000, 0x00000000ff180000, 0x0000000100000000)
  eden space 493568K, 100% used [0x00000000d5580000,0x00000000f3780000,0x00000000f3780000)
  from space 86528K, 38% used [0x00000000f9d00000,0x00000000fbdf3328,0x00000000ff180000)
  to   space 95232K, 0% used [0x00000000f3780000,0x00000000f3780000,0x00000000f9480000)
 ParOldGen       total 296448K, used 149690K [0x0000000080000000, 0x0000000092180000, 0x00000000d5580000)
  object space 296448K, 50% used [0x0000000080000000,0x000000008922e948,0x0000000092180000)
 Metaspace       used 121433K, capacity 128452K, committed 128728K, reserved 1161216K
  class space    used 15535K, capacity 16827K, committed 16896K, reserved 1048576K
Event: 3565.288 GC heap after
Heap after GC invocations=35 (full 6):
 PSYoungGen      total 588800K, used 33269K [0x00000000d5580000, 0x00000000fff80000, 0x0000000100000000)
  eden space 493568K, 0% used [0x00000000d5580000,0x00000000d5580000,0x00000000f3780000)
  from space 95232K, 34% used [0x00000000f3780000,0x00000000f57fd6c0,0x00000000f9480000)
  to   space 90624K, 0% used [0x00000000fa700000,0x00000000fa700000,0x00000000fff80000)
 ParOldGen       total 296448K, used 149698K [0x0000000080000000, 0x0000000092180000, 0x00000000d5580000)
  object space 296448K, 50% used [0x0000000080000000,0x0000000089230948,0x0000000092180000)
 Metaspace       used 121433K, capacity 128452K, committed 128728K, reserved 1161216K
  class space    used 15535K, capacity 16827K, committed 16896K, reserved 1048576K
}
Event: 3574.282 GC heap before
{Heap before GC invocations=36 (full 6):
 PSYoungGen      total 588800K, used 526837K [0x00000000d5580000, 0x00000000fff80000, 0x0000000100000000)
  eden space 493568K, 100% used [0x00000000d5580000,0x00000000f3780000,0x00000000f3780000)
  from space 95232K, 34% used [0x00000000f3780000,0x00000000f57fd6c0,0x00000000f9480000)
  to   space 90624K, 0% used [0x00000000fa700000,0x00000000fa700000,0x00000000fff80000)
 ParOldGen       total 296448K, used 149698K [0x0000000080000000, 0x0000000092180000, 0x00000000d5580000)
  object space 296448K, 50% used [0x0000000080000000,0x0000000089230948,0x0000000092180000)
 Metaspace       used 124483K, capacity 131660K, committed 131800K, reserved 1163264K
  class space    used 15964K, capacity 17308K, committed 17408K, reserved 1048576K
Event: 3574.537 GC heap after
Heap after GC invocations=36 (full 6):
 PSYoungGen      total 594432K, used 44511K [0x00000000d5580000, 0x00000000ff680000, 0x0000000100000000)
  eden space 513024K, 0% used [0x00000000d5580000,0x00000000d5580000,0x00000000f4a80000)
  from space 81408K, 54% used [0x00000000fa700000,0x00000000fd277cd0,0x00000000ff680000)
  to   space 88064K, 0% used [0x00000000f4a80000,0x00000000f4a80000,0x00000000fa080000)
 ParOldGen       total 296448K, used 149706K [0x0000000080000000, 0x0000000092180000, 0x00000000d5580000)
  object space 296448K, 50% used [0x0000000080000000,0x0000000089232948,0x0000000092180000)
 Metaspace       used 124483K, capacity 131660K, committed 131800K, reserved 1163264K
  class space    used 15964K, capacity 17308K, committed 17408K, reserved 1048576K
}
Event: 3614.992 GC heap before
{Heap before GC invocations=37 (full 6):
 PSYoungGen      total 594432K, used 557535K [0x00000000d5580000, 0x00000000ff680000, 0x0000000100000000)
  eden space 513024K, 100% used [0x00000000d5580000,0x00000000f4a80000,0x00000000f4a80000)
  from space 81408K, 54% used [0x00000000fa700000,0x00000000fd277cd0,0x00000000ff680000)
  to   space 88064K, 0% used [0x00000000f4a80000,0x00000000f4a80000,0x00000000fa080000)
 ParOldGen       total 296448K, used 149706K [0x0000000080000000, 0x0000000092180000, 0x00000000d5580000)
  object space 296448K, 50% used [0x0000000080000000,0x0000000089232948,0x0000000092180000)
 Metaspace       used 127591K, capacity 135458K, committed 135640K, reserved 1167360K
  class space    used 16397K, capacity 17867K, committed 17920K, reserved 1048576K
Event: 3615.967 GC heap after
Heap after GC invocations=37 (full 6):
 PSYoungGen      total 601088K, used 73757K [0x00000000d5580000, 0x0000000100000000, 0x0000000100000000)
  eden space 513024K, 0% used [0x00000000d5580000,0x00000000d5580000,0x00000000f4a80000)
  from space 88064K, 83% used [0x00000000f4a80000,0x00000000f92874b0,0x00000000fa080000)
  to   space 96256K, 0% used [0x00000000fa200000,0x00000000fa200000,0x0000000100000000)
 ParOldGen       total 296448K, used 149714K [0x0000000080000000, 0x0000000092180000, 0x00000000d5580000)
  object space 296448K, 50% used [0x0000000080000000,0x0000000089234948,0x0000000092180000)
 Metaspace       used 127591K, capacity 135458K, committed 135640K, reserved 1167360K
  class space    used 16397K, capacity 17867K, committed 17920K, reserved 1048576K
}

