# JRE version: OpenJDK Runtime Environment (8.0_242-b01) (build 1.8.0_242-release-1644-b01)
# Java VM: OpenJDK 64-Bit Server VM (25.242-b01 mixed mode windows-amd64 compressed oops)
Heap:
 PSYoungGen      total 555520K, used 113938K [0x00000000d5580000, 0x00000000ff700000, 0x0000000100000000)
  eden space 424960K, 23% used [0x00000000d5580000,0x00000000db71bc70,0x00000000ef480000)
  from space 130560K, 10% used [0x00000000ef480000,0x00000000f0228c68,0x00000000f7400000)
  to   space 126976K, 0% used [0x00000000f7b00000,0x00000000f7b00000,0x00000000ff700000)
 ParOldGen       total 390656K, used 216181K [0x0000000080000000, 0x0000000097d80000, 0x00000000d5580000)
  object space 390656K, 55% used [0x0000000080000000,0x000000008d31d528,0x0000000097d80000)
 Metaspace       used 172221K, capacity 180027K, committed 185944K, reserved 1210368K
  class space    used 21861K, capacity 23322K, committed 24704K, reserved 1048576K
GC Heap History (10 events):
Event: 21701.438 GC heap before
{Heap before GC invocations=49 (full 6):
 PSYoungGen      total 560128K, used 418304K [0x00000000d5580000, 0x0000000100000000, 0x0000000100000000)
  eden space 418304K, 100% used [0x00000000d5580000,0x00000000eee00000,0x00000000eee00000)
  from space 141824K, 0% used [0x00000000f7580000,0x00000000f7580000,0x0000000100000000)
  to   space 138752K, 0% used [0x00000000eee00000,0x00000000eee00000,0x00000000f7580000)
 ParOldGen       total 390656K, used 175448K [0x0000000080000000, 0x0000000097d80000, 0x00000000d5580000)
  object space 390656K, 44% used [0x0000000080000000,0x000000008ab562c0,0x0000000097d80000)
 Metaspace       used 171976K, capacity 179811K, committed 185944K, reserved 1210368K
  class space    used 21859K, capacity 23320K, committed 24704K, reserved 1048576K
Event: 21701.480 GC heap after
Heap after GC invocations=49 (full 6):
 PSYoungGen      total 557056K, used 11163K [0x00000000d5580000, 0x00000000ffd00000, 0x0000000100000000)
  eden space 418304K, 0% used [0x00000000d5580000,0x00000000d5580000,0x00000000eee00000)
  from space 138752K, 8% used [0x00000000eee00000,0x00000000ef8e6e58,0x00000000f7580000)
  to   space 138752K, 0% used [0x00000000f7580000,0x00000000f7580000,0x00000000ffd00000)
 ParOldGen       total 390656K, used 175448K [0x0000000080000000, 0x0000000097d80000, 0x00000000d5580000)
  object space 390656K, 44% used [0x0000000080000000,0x000000008ab562c0,0x0000000097d80000)
 Metaspace       used 171976K, capacity 179811K, committed 185944K, reserved 1210368K
  class space    used 21859K, capacity 23320K, committed 24704K, reserved 1048576K
}
Event: 21702.254 GC heap before
{Heap before GC invocations=50 (full 6):
 PSYoungGen      total 557056K, used 429467K [0x00000000d5580000, 0x00000000ffd00000, 0x0000000100000000)
  eden space 418304K, 100% used [0x00000000d5580000,0x00000000eee00000,0x00000000eee00000)
  from space 138752K, 8% used [0x00000000eee00000,0x00000000ef8e6e58,0x00000000f7580000)
  to   space 138752K, 0% used [0x00000000f7580000,0x00000000f7580000,0x00000000ffd00000)
 ParOldGen       total 390656K, used 175448K [0x0000000080000000, 0x0000000097d80000, 0x00000000d5580000)
  object space 390656K, 44% used [0x0000000080000000,0x000000008ab562c0,0x0000000097d80000)
 Metaspace       used 172046K, capacity 179881K, committed 185944K, reserved 1210368K
  class space    used 21860K, capacity 23321K, committed 24704K, reserved 1048576K
Event: 21702.281 GC heap after
Heap after GC invocations=50 (full 6):
 PSYoungGen      total 558592K, used 11654K [0x00000000d5580000, 0x00000000ffd00000, 0x0000000100000000)
  eden space 419840K, 0% used [0x00000000d5580000,0x00000000d5580000,0x00000000eef80000)
  from space 138752K, 8% used [0x00000000f7580000,0x00000000f80e1af0,0x00000000ffd00000)
  to   space 137216K, 0% used [0x00000000eef80000,0x00000000eef80000,0x00000000f7580000)
 ParOldGen       total 390656K, used 184668K [0x0000000080000000, 0x0000000097d80000, 0x00000000d5580000)
  object space 390656K, 47% used [0x0000000080000000,0x000000008b4573b8,0x0000000097d80000)
 Metaspace       used 172046K, capacity 179881K, committed 185944K, reserved 1210368K
  class space    used 21860K, capacity 23321K, committed 24704K, reserved 1048576K
}
Event: 21702.949 GC heap before
{Heap before GC invocations=51 (full 6):
 PSYoungGen      total 558592K, used 431494K [0x00000000d5580000, 0x00000000ffd00000, 0x0000000100000000)
  eden space 419840K, 100% used [0x00000000d5580000,0x00000000eef80000,0x00000000eef80000)
  from space 138752K, 8% used [0x00000000f7580000,0x00000000f80e1af0,0x00000000ffd00000)
  to   space 137216K, 0% used [0x00000000eef80000,0x00000000eef80000,0x00000000f7580000)
 ParOldGen       total 390656K, used 184668K [0x0000000080000000, 0x0000000097d80000, 0x00000000d5580000)
  object space 390656K, 47% used [0x0000000080000000,0x000000008b4573b8,0x0000000097d80000)
 Metaspace       used 172076K, capacity 179885K, committed 185944K, reserved 1210368K
  class space    used 21860K, capacity 23321K, committed 24704K, reserved 1048576K
Event: 21703.006 GC heap after
Heap after GC invocations=51 (full 6):
 PSYoungGen      total 444928K, used 24963K [0x00000000d5580000, 0x00000000ff580000, 0x0000000100000000)
  eden space 419840K, 0% used [0x00000000d5580000,0x00000000d5580000,0x00000000eef80000)
  from space 25088K, 99% used [0x00000000eef80000,0x00000000f07e0c18,0x00000000f0800000)
  to   space 132608K, 0% used [0x00000000f7400000,0x00000000f7400000,0x00000000ff580000)
 ParOldGen       total 390656K, used 192376K [0x0000000080000000, 0x0000000097d80000, 0x00000000d5580000)
  object space 390656K, 49% used [0x0000000080000000,0x000000008bbde098,0x0000000097d80000)
 Metaspace       used 172076K, capacity 179885K, committed 185944K, reserved 1210368K
  class space    used 21860K, capacity 23321K, committed 24704K, reserved 1048576K
}
Event: 21703.814 GC heap before
{Heap before GC invocations=52 (full 6):
 PSYoungGen      total 444928K, used 444803K [0x00000000d5580000, 0x00000000ff580000, 0x0000000100000000)
  eden space 419840K, 100% used [0x00000000d5580000,0x00000000eef80000,0x00000000eef80000)
  from space 25088K, 99% used [0x00000000eef80000,0x00000000f07e0c18,0x00000000f0800000)
  to   space 132608K, 0% used [0x00000000f7400000,0x00000000f7400000,0x00000000ff580000)
 ParOldGen       total 390656K, used 192376K [0x0000000080000000, 0x0000000097d80000, 0x00000000d5580000)
  object space 390656K, 49% used [0x0000000080000000,0x000000008bbde098,0x0000000097d80000)
 Metaspace       used 172099K, capacity 179953K, committed 185944K, reserved 1210368K
  class space    used 21860K, capacity 23321K, committed 24704K, reserved 1048576K
Event: 21703.830 GC heap after
Heap after GC invocations=52 (full 6):
 PSYoungGen      total 557568K, used 6999K [0x00000000d5580000, 0x0000000100000000, 0x0000000100000000)
  eden space 424960K, 0% used [0x00000000d5580000,0x00000000d5580000,0x00000000ef480000)
  from space 132608K, 5% used [0x00000000f7400000,0x00000000f7ad5f58,0x00000000ff580000)
  to   space 130560K, 0% used [0x00000000ef480000,0x00000000ef480000,0x00000000f7400000)
 ParOldGen       total 390656K, used 211265K [0x0000000080000000, 0x0000000097d80000, 0x00000000d5580000)
  object space 390656K, 54% used [0x0000000080000000,0x000000008ce50630,0x0000000097d80000)
 Metaspace       used 172099K, capacity 179953K, committed 185944K, reserved 1210368K
  class space    used 21860K, capacity 23321K, committed 24704K, reserved 1048576K
}
Event: 21705.116 GC heap before
{Heap before GC invocations=53 (full 6):
 PSYoungGen      total 557568K, used 431959K [0x00000000d5580000, 0x0000000100000000, 0x0000000100000000)
  eden space 424960K, 100% used [0x00000000d5580000,0x00000000ef480000,0x00000000ef480000)
  from space 132608K, 5% used [0x00000000f7400000,0x00000000f7ad5f58,0x00000000ff580000)
  to   space 130560K, 0% used [0x00000000ef480000,0x00000000ef480000,0x00000000f7400000)
 ParOldGen       total 390656K, used 211265K [0x0000000080000000, 0x0000000097d80000, 0x00000000d5580000)
  object space 390656K, 54% used [0x0000000080000000,0x000000008ce50630,0x0000000097d80000)
 Metaspace       used 172221K, capacity 180027K, committed 185944K, reserved 1210368K
  class space    used 21861K, capacity 23322K, committed 24704K, reserved 1048576K
Event: 21705.183 GC heap after
Heap after GC invocations=53 (full 6):
 PSYoungGen      total 555520K, used 13987K [0x00000000d5580000, 0x00000000ff700000, 0x0000000100000000)
  eden space 424960K, 0% used [0x00000000d5580000,0x00000000d5580000,0x00000000ef480000)
  from space 130560K, 10% used [0x00000000ef480000,0x00000000f0228c68,0x00000000f7400000)
  to   space 126976K, 0% used [0x00000000f7b00000,0x00000000f7b00000,0x00000000ff700000)
 ParOldGen       total 390656K, used 216181K [0x0000000080000000, 0x0000000097d80000, 0x00000000d5580000)
  object space 390656K, 55% used [0x0000000080000000,0x000000008d31d528,0x0000000097d80000)
 Metaspace       used 172221K, capacity 180027K, committed 185944K, reserved 1210368K
  class space    used 21861K, capacity 23322K, committed 24704K, reserved 1048576K
}

