# JRE version: OpenJDK Runtime Environment (8.0_242-b01) (build 1.8.0_242-release-1644-b01)
# Java VM: OpenJDK 64-Bit Server VM (25.242-b01 mixed mode windows-amd64 compressed oops)
Heap:
 PSYoungGen      total 474624K, used 233023K [0x00000000d5580000, 0x00000000f9080000, 0x0000000100000000)
  eden space 433664K, 49% used [0x00000000d5580000,0x00000000e25b69e0,0x00000000efd00000)
  from space 40960K, 48% used [0x00000000efd00000,0x00000000f1059350,0x00000000f2500000)
  to   space 29696K, 0% used [0x00000000f2500000,0x00000000f2500000,0x00000000f4200000)
 ParOldGen       total 212992K, used 147709K [0x0000000080000000, 0x000000008d000000, 0x00000000d5580000)
  object space 212992K, 69% used [0x0000000080000000,0x000000008903f558,0x000000008d000000)
 Metaspace       used 86001K, capacity 90574K, committed 90840K, reserved 1128448K
  class space    used 11554K, capacity 12453K, committed 12544K, reserved 1048576K
GC Heap History (10 events):
Event: 27.234 GC heap before
{Heap before GC invocations=19 (full 4):
 PSYoungGen      total 340992K, used 21994K [0x00000000d5580000, 0x00000000f4f00000, 0x0000000100000000)
  eden space 318976K, 0% used [0x00000000d5580000,0x00000000d5580000,0x00000000e8d00000)
  from space 22016K, 99% used [0x00000000e8d00000,0x00000000ea27aa38,0x00000000ea280000)
  to   space 43008K, 0% used [0x00000000f2500000,0x00000000f2500000,0x00000000f4f00000)
 ParOldGen       total 104960K, used 97237K [0x0000000080000000, 0x0000000086680000, 0x00000000d5580000)
  object space 104960K, 92% used [0x0000000080000000,0x0000000085ef5518,0x0000000086680000)
 Metaspace       used 78490K, capacity 82452K, committed 82776K, reserved 1120256K
  class space    used 10571K, capacity 11316K, committed 11392K, reserved 1048576K
Event: 28.774 GC heap after
Heap after GC invocations=19 (full 4):
 PSYoungGen      total 340992K, used 7029K [0x00000000d5580000, 0x00000000f4f00000, 0x0000000100000000)
  eden space 318976K, 0% used [0x00000000d5580000,0x00000000d5580000,0x00000000e8d00000)
  from space 22016K, 31% used [0x00000000e8d00000,0x00000000e93dd670,0x00000000ea280000)
  to   space 43008K, 0% used [0x00000000f2500000,0x00000000f2500000,0x00000000f4f00000)
 ParOldGen       total 212992K, used 104458K [0x0000000080000000, 0x000000008d000000, 0x00000000d5580000)
  object space 212992K, 49% used [0x0000000080000000,0x0000000086602ac0,0x000000008d000000)
 Metaspace       used 78224K, capacity 81684K, committed 82776K, reserved 1120256K
  class space    used 10484K, capacity 11162K, committed 11392K, reserved 1048576K
}
Event: 32.373 GC heap before
{Heap before GC invocations=20 (full 4):
 PSYoungGen      total 340992K, used 326005K [0x00000000d5580000, 0x00000000f4f00000, 0x0000000100000000)
  eden space 318976K, 100% used [0x00000000d5580000,0x00000000e8d00000,0x00000000e8d00000)
  from space 22016K, 31% used [0x00000000e8d00000,0x00000000e93dd670,0x00000000ea280000)
  to   space 43008K, 0% used [0x00000000f2500000,0x00000000f2500000,0x00000000f4f00000)
 ParOldGen       total 212992K, used 104461K [0x0000000080000000, 0x000000008d000000, 0x00000000d5580000)
  object space 212992K, 49% used [0x0000000080000000,0x00000000866034a0,0x000000008d000000)
 Metaspace       used 84274K, capacity 88412K, committed 88792K, reserved 1126400K
  class space    used 11343K, capacity 12168K, committed 12288K, reserved 1048576K
Event: 32.728 GC heap after
Heap after GC invocations=20 (full 4):
 PSYoungGen      total 443904K, used 28246K [0x00000000d5580000, 0x00000000f4200000, 0x0000000100000000)
  eden space 414208K, 0% used [0x00000000d5580000,0x00000000d5580000,0x00000000eea00000)
  from space 29696K, 95% used [0x00000000f2500000,0x00000000f4095880,0x00000000f4200000)
  to   space 45056K, 0% used [0x00000000eea00000,0x00000000eea00000,0x00000000f1600000)
 ParOldGen       total 212992K, used 111544K [0x0000000080000000, 0x000000008d000000, 0x00000000d5580000)
  object space 212992K, 52% used [0x0000000080000000,0x0000000086cee0f8,0x000000008d000000)
 Metaspace       used 84274K, capacity 88412K, committed 88792K, reserved 1126400K
  class space    used 11343K, capacity 12168K, committed 12288K, reserved 1048576K
}
Event: 34.681 GC heap before
{Heap before GC invocations=21 (full 4):
 PSYoungGen      total 443904K, used 442454K [0x00000000d5580000, 0x00000000f4200000, 0x0000000100000000)
  eden space 414208K, 100% used [0x00000000d5580000,0x00000000eea00000,0x00000000eea00000)
  from space 29696K, 95% used [0x00000000f2500000,0x00000000f4095880,0x00000000f4200000)
  to   space 45056K, 0% used [0x00000000eea00000,0x00000000eea00000,0x00000000f1600000)
 ParOldGen       total 212992K, used 111544K [0x0000000080000000, 0x000000008d000000, 0x00000000d5580000)
  object space 212992K, 52% used [0x0000000080000000,0x0000000086cee0f8,0x000000008d000000)
 Metaspace       used 85678K, capacity 90216K, committed 90328K, reserved 1126400K
  class space    used 11533K, capacity 12440K, committed 12544K, reserved 1048576K
Event: 34.892 GC heap after
Heap after GC invocations=21 (full 4):
 PSYoungGen      total 459264K, used 9680K [0x00000000d5580000, 0x00000000f4200000, 0x0000000100000000)
  eden space 414208K, 0% used [0x00000000d5580000,0x00000000d5580000,0x00000000eea00000)
  from space 45056K, 21% used [0x00000000eea00000,0x00000000ef3740d8,0x00000000f1600000)
  to   space 29696K, 0% used [0x00000000f2500000,0x00000000f2500000,0x00000000f4200000)
 ParOldGen       total 212992K, used 133620K [0x0000000080000000, 0x000000008d000000, 0x00000000d5580000)
  object space 212992K, 62% used [0x0000000080000000,0x000000008827d0f8,0x000000008d000000)
 Metaspace       used 85678K, capacity 90216K, committed 90328K, reserved 1126400K
  class space    used 11533K, capacity 12440K, committed 12544K, reserved 1048576K
}
Event: 37.776 GC heap before
{Heap before GC invocations=22 (full 4):
 PSYoungGen      total 459264K, used 423888K [0x00000000d5580000, 0x00000000f4200000, 0x0000000100000000)
  eden space 414208K, 100% used [0x00000000d5580000,0x00000000eea00000,0x00000000eea00000)
  from space 45056K, 21% used [0x00000000eea00000,0x00000000ef3740d8,0x00000000f1600000)
  to   space 29696K, 0% used [0x00000000f2500000,0x00000000f2500000,0x00000000f4200000)
 ParOldGen       total 212992K, used 133620K [0x0000000080000000, 0x000000008d000000, 0x00000000d5580000)
  object space 212992K, 62% used [0x0000000080000000,0x000000008827d0f8,0x000000008d000000)
 Metaspace       used 85851K, capacity 90458K, committed 90584K, reserved 1128448K
  class space    used 11545K, capacity 12449K, committed 12544K, reserved 1048576K
Event: 37.880 GC heap after
Heap after GC invocations=22 (full 4):
 PSYoungGen      total 463360K, used 15159K [0x00000000d5580000, 0x00000000f9080000, 0x0000000100000000)
  eden space 433664K, 0% used [0x00000000d5580000,0x00000000d5580000,0x00000000efd00000)
  from space 29696K, 51% used [0x00000000f2500000,0x00000000f33cde00,0x00000000f4200000)
  to   space 40960K, 0% used [0x00000000efd00000,0x00000000efd00000,0x00000000f2500000)
 ParOldGen       total 212992K, used 140958K [0x0000000080000000, 0x000000008d000000, 0x00000000d5580000)
  object space 212992K, 66% used [0x0000000080000000,0x00000000889a7b98,0x000000008d000000)
 Metaspace       used 85851K, capacity 90458K, committed 90584K, reserved 1128448K
  class space    used 11545K, capacity 12449K, committed 12544K, reserved 1048576K
}
Event: 40.047 GC heap before
{Heap before GC invocations=23 (full 4):
 PSYoungGen      total 463360K, used 448823K [0x00000000d5580000, 0x00000000f9080000, 0x0000000100000000)
  eden space 433664K, 100% used [0x00000000d5580000,0x00000000efd00000,0x00000000efd00000)
  from space 29696K, 51% used [0x00000000f2500000,0x00000000f33cde00,0x00000000f4200000)
  to   space 40960K, 0% used [0x00000000efd00000,0x00000000efd00000,0x00000000f2500000)
 ParOldGen       total 212992K, used 140958K [0x0000000080000000, 0x000000008d000000, 0x00000000d5580000)
  object space 212992K, 66% used [0x0000000080000000,0x00000000889a7b98,0x000000008d000000)
 Metaspace       used 85971K, capacity 90560K, committed 90840K, reserved 1128448K
  class space    used 11554K, capacity 12452K, committed 12544K, reserved 1048576K
Event: 40.103 GC heap after
Heap after GC invocations=23 (full 4):
 PSYoungGen      total 474624K, used 19812K [0x00000000d5580000, 0x00000000f9080000, 0x0000000100000000)
  eden space 433664K, 0% used [0x00000000d5580000,0x00000000d5580000,0x00000000efd00000)
  from space 40960K, 48% used [0x00000000efd00000,0x00000000f1059350,0x00000000f2500000)
  to   space 29696K, 0% used [0x00000000f2500000,0x00000000f2500000,0x00000000f4200000)
 ParOldGen       total 212992K, used 147709K [0x0000000080000000, 0x000000008d000000, 0x00000000d5580000)
  object space 212992K, 69% used [0x0000000080000000,0x000000008903f558,0x000000008d000000)
 Metaspace       used 85971K, capacity 90560K, committed 90840K, reserved 1128448K
  class space    used 11554K, capacity 12452K, committed 12544K, reserved 1048576K
}

