# JRE version: OpenJDK Runtime Environment (8.0_242-b01) (build 1.8.0_242-release-1644-b01)
# Java VM: OpenJDK 64-Bit Server VM (25.242-b01 mixed mode windows-amd64 compressed oops)
Heap:
 PSYoungGen      total 489472K, used 219116K [0x00000000d5580000, 0x00000000f7080000, 0x0000000100000000)
  eden space 436736K, 45% used [0x00000000d5580000,0x00000000e15f7820,0x00000000f0000000)
  from space 52736K, 41% used [0x00000000f0000000,0x00000000f15839d0,0x00000000f3380000)
  to   space 51200K, 0% used [0x00000000f3380000,0x00000000f3380000,0x00000000f6580000)
 ParOldGen       total 234496K, used 183426K [0x0000000080000000, 0x000000008e500000, 0x00000000d5580000)
  object space 234496K, 78% used [0x0000000080000000,0x000000008b320858,0x000000008e500000)
 Metaspace       used 86011K, capacity 90420K, committed 91480K, reserved 1128448K
  class space    used 11471K, capacity 12312K, committed 12672K, reserved 1048576K
GC Heap History (10 events):
Event: 32.905 GC heap before
{Heap before GC invocations=25 (full 4):
 PSYoungGen      total 487936K, used 470348K [0x00000000d5580000, 0x00000000f7080000, 0x0000000100000000)
  eden space 436736K, 100% used [0x00000000d5580000,0x00000000f0000000,0x00000000f0000000)
  from space 51200K, 65% used [0x00000000f3380000,0x00000000f54530c0,0x00000000f6580000)
  to   space 52736K, 0% used [0x00000000f0000000,0x00000000f0000000,0x00000000f3380000)
 ParOldGen       total 234496K, used 137743K [0x0000000080000000, 0x000000008e500000, 0x00000000d5580000)
  object space 234496K, 58% used [0x0000000080000000,0x0000000088683de8,0x000000008e500000)
 Metaspace       used 85736K, capacity 90104K, committed 91224K, reserved 1128448K
  class space    used 11469K, capacity 12308K, committed 12672K, reserved 1048576K
Event: 32.967 GC heap after
Heap after GC invocations=25 (full 4):
 PSYoungGen      total 489472K, used 36683K [0x00000000d5580000, 0x00000000f7080000, 0x0000000100000000)
  eden space 436736K, 0% used [0x00000000d5580000,0x00000000d5580000,0x00000000f0000000)
  from space 52736K, 69% used [0x00000000f0000000,0x00000000f23d2c28,0x00000000f3380000)
  to   space 51200K, 0% used [0x00000000f3380000,0x00000000f3380000,0x00000000f6580000)
 ParOldGen       total 234496K, used 145766K [0x0000000080000000, 0x000000008e500000, 0x00000000d5580000)
  object space 234496K, 62% used [0x0000000080000000,0x0000000088e59980,0x000000008e500000)
 Metaspace       used 85736K, capacity 90104K, committed 91224K, reserved 1128448K
  class space    used 11469K, capacity 12308K, committed 12672K, reserved 1048576K
}
Event: 33.947 GC heap before
{Heap before GC invocations=26 (full 4):
 PSYoungGen      total 489472K, used 473419K [0x00000000d5580000, 0x00000000f7080000, 0x0000000100000000)
  eden space 436736K, 100% used [0x00000000d5580000,0x00000000f0000000,0x00000000f0000000)
  from space 52736K, 69% used [0x00000000f0000000,0x00000000f23d2c28,0x00000000f3380000)
  to   space 51200K, 0% used [0x00000000f3380000,0x00000000f3380000,0x00000000f6580000)
 ParOldGen       total 234496K, used 145766K [0x0000000080000000, 0x000000008e500000, 0x00000000d5580000)
  object space 234496K, 62% used [0x0000000080000000,0x0000000088e59980,0x000000008e500000)
 Metaspace       used 85760K, capacity 90116K, committed 91224K, reserved 1128448K
  class space    used 11469K, capacity 12308K, committed 12672K, reserved 1048576K
Event: 33.998 GC heap after
Heap after GC invocations=26 (full 4):
 PSYoungGen      total 487936K, used 35065K [0x00000000d5580000, 0x00000000f7080000, 0x0000000100000000)
  eden space 436736K, 0% used [0x00000000d5580000,0x00000000d5580000,0x00000000f0000000)
  from space 51200K, 68% used [0x00000000f3380000,0x00000000f55be530,0x00000000f6580000)
  to   space 52736K, 0% used [0x00000000f0000000,0x00000000f0000000,0x00000000f3380000)
 ParOldGen       total 234496K, used 151965K [0x0000000080000000, 0x000000008e500000, 0x00000000d5580000)
  object space 234496K, 64% used [0x0000000080000000,0x0000000089467510,0x000000008e500000)
 Metaspace       used 85760K, capacity 90116K, committed 91224K, reserved 1128448K
  class space    used 11469K, capacity 12308K, committed 12672K, reserved 1048576K
}
Event: 34.744 GC heap before
{Heap before GC invocations=27 (full 4):
 PSYoungGen      total 487936K, used 471801K [0x00000000d5580000, 0x00000000f7080000, 0x0000000100000000)
  eden space 436736K, 100% used [0x00000000d5580000,0x00000000f0000000,0x00000000f0000000)
  from space 51200K, 68% used [0x00000000f3380000,0x00000000f55be530,0x00000000f6580000)
  to   space 52736K, 0% used [0x00000000f0000000,0x00000000f0000000,0x00000000f3380000)
 ParOldGen       total 234496K, used 151965K [0x0000000080000000, 0x000000008e500000, 0x00000000d5580000)
  object space 234496K, 64% used [0x0000000080000000,0x0000000089467510,0x000000008e500000)
 Metaspace       used 85783K, capacity 90116K, committed 91224K, reserved 1128448K
  class space    used 11469K, capacity 12308K, committed 12672K, reserved 1048576K
Event: 34.806 GC heap after
Heap after GC invocations=27 (full 4):
 PSYoungGen      total 489472K, used 30478K [0x00000000d5580000, 0x00000000f7080000, 0x0000000100000000)
  eden space 436736K, 0% used [0x00000000d5580000,0x00000000d5580000,0x00000000f0000000)
  from space 52736K, 57% used [0x00000000f0000000,0x00000000f1dc38d8,0x00000000f3380000)
  to   space 51200K, 0% used [0x00000000f3380000,0x00000000f3380000,0x00000000f6580000)
 ParOldGen       total 234496K, used 161314K [0x0000000080000000, 0x000000008e500000, 0x00000000d5580000)
  object space 234496K, 68% used [0x0000000080000000,0x0000000089d88be0,0x000000008e500000)
 Metaspace       used 85783K, capacity 90116K, committed 91224K, reserved 1128448K
  class space    used 11469K, capacity 12308K, committed 12672K, reserved 1048576K
}
Event: 35.748 GC heap before
{Heap before GC invocations=28 (full 4):
 PSYoungGen      total 489472K, used 467214K [0x00000000d5580000, 0x00000000f7080000, 0x0000000100000000)
  eden space 436736K, 100% used [0x00000000d5580000,0x00000000f0000000,0x00000000f0000000)
  from space 52736K, 57% used [0x00000000f0000000,0x00000000f1dc38d8,0x00000000f3380000)
  to   space 51200K, 0% used [0x00000000f3380000,0x00000000f3380000,0x00000000f6580000)
 ParOldGen       total 234496K, used 161314K [0x0000000080000000, 0x000000008e500000, 0x00000000d5580000)
  object space 234496K, 68% used [0x0000000080000000,0x0000000089d88be0,0x000000008e500000)
 Metaspace       used 85946K, capacity 90314K, committed 91480K, reserved 1128448K
  class space    used 11469K, capacity 12309K, committed 12672K, reserved 1048576K
Event: 35.814 GC heap after
Heap after GC invocations=28 (full 4):
 PSYoungGen      total 487936K, used 21691K [0x00000000d5580000, 0x00000000f7080000, 0x0000000100000000)
  eden space 436736K, 0% used [0x00000000d5580000,0x00000000d5580000,0x00000000f0000000)
  from space 51200K, 42% used [0x00000000f3380000,0x00000000f48aecb0,0x00000000f6580000)
  to   space 52736K, 0% used [0x00000000f0000000,0x00000000f0000000,0x00000000f3380000)
 ParOldGen       total 234496K, used 174005K [0x0000000080000000, 0x000000008e500000, 0x00000000d5580000)
  object space 234496K, 74% used [0x0000000080000000,0x000000008a9ed620,0x000000008e500000)
 Metaspace       used 85946K, capacity 90314K, committed 91480K, reserved 1128448K
  class space    used 11469K, capacity 12309K, committed 12672K, reserved 1048576K
}
Event: 37.045 GC heap before
{Heap before GC invocations=29 (full 4):
 PSYoungGen      total 487936K, used 458427K [0x00000000d5580000, 0x00000000f7080000, 0x0000000100000000)
  eden space 436736K, 100% used [0x00000000d5580000,0x00000000f0000000,0x00000000f0000000)
  from space 51200K, 42% used [0x00000000f3380000,0x00000000f48aecb0,0x00000000f6580000)
  to   space 52736K, 0% used [0x00000000f0000000,0x00000000f0000000,0x00000000f3380000)
 ParOldGen       total 234496K, used 174005K [0x0000000080000000, 0x000000008e500000, 0x00000000d5580000)
  object space 234496K, 74% used [0x0000000080000000,0x000000008a9ed620,0x000000008e500000)
 Metaspace       used 85998K, capacity 90410K, committed 91480K, reserved 1128448K
  class space    used 11470K, capacity 12311K, committed 12672K, reserved 1048576K
Event: 37.101 GC heap after
Heap after GC invocations=29 (full 4):
 PSYoungGen      total 489472K, used 22030K [0x00000000d5580000, 0x00000000f7080000, 0x0000000100000000)
  eden space 436736K, 0% used [0x00000000d5580000,0x00000000d5580000,0x00000000f0000000)
  from space 52736K, 41% used [0x00000000f0000000,0x00000000f15839d0,0x00000000f3380000)
  to   space 51200K, 0% used [0x00000000f3380000,0x00000000f3380000,0x00000000f6580000)
 ParOldGen       total 234496K, used 183426K [0x0000000080000000, 0x000000008e500000, 0x00000000d5580000)
  object space 234496K, 78% used [0x0000000080000000,0x000000008b320858,0x000000008e500000)
 Metaspace       used 85998K, capacity 90410K, committed 91480K, reserved 1128448K
  class space    used 11470K, capacity 12311K, committed 12672K, reserved 1048576K
}

